<?xml version="1.0" encoding="UTF-8"?>
<testng-results ignored="0" total="1" passed="1" failed="0" skipped="0">
  <reporter-output>
  </reporter-output>
  <suite started-at="2023-02-22T23:58:56 EST" name="Andromeda2" finished-at="2023-02-22T23:59:11 EST" duration-ms="15647">
    <groups>
    </groups>
    <test started-at="2023-02-22T23:58:56 EST" name="Banking Test" finished-at="2023-02-22T23:59:11 EST" duration-ms="15647">
      <class name="com.qa.testCases.TestBanking">
        <test-method is-config="true" signature="setupSuite()[pri:0, instance:com.qa.testCases.TestBanking@4c371370]" started-at="2023-02-22T23:58:55 EST" name="setupSuite" finished-at="2023-02-22T23:58:56 EST" duration-ms="493" status="PASS">
          <reporter-output>
          </reporter-output>
        </test-method> <!-- setupSuite -->
        <test-method is-config="true" signature="setUp()[pri:0, instance:com.qa.testCases.TestBanking@4c371370]" started-at="2023-02-22T23:58:56 EST" name="setUp" finished-at="2023-02-22T23:59:00 EST" duration-ms="4168" status="PASS">
          <reporter-output>
          </reporter-output>
        </test-method> <!-- setUp -->
        <test-method signature="openBankSite()[pri:1, instance:com.qa.testCases.TestBanking@4c371370]" started-at="2023-02-22T23:59:00 EST" name="openBankSite" finished-at="2023-02-22T23:59:01 EST" duration-ms="899" status="PASS">
          <reporter-output>
          </reporter-output>
        </test-method> <!-- openBankSite -->
        <test-method is-config="true" signature="tearDownMethod(org.testng.ITestResult)[pri:0, instance:com.qa.testCases.TestBanking@4c371370]" started-at="2023-02-22T23:59:01 EST" name="tearDownMethod" finished-at="2023-02-22T23:59:01 EST" duration-ms="152" status="PASS">
          <params>
            <param index="0">
              <value>
                <![CDATA[[TestResult name=openBankSite status=SUCCESS method=TestBanking.openBankSite()[pri:1, instance:com.qa.testCases.TestBanking@4c371370] output={null}]]]>
              </value>
            </param>
          </params>
          <reporter-output>
          </reporter-output>
        </test-method> <!-- tearDownMethod -->
        <test-method is-config="true" signature="tearDown()[pri:0, instance:com.qa.testCases.TestBanking@4c371370]" started-at="2023-02-22T23:59:01 EST" name="tearDown" finished-at="2023-02-22T23:59:11 EST" duration-ms="10407" status="PASS">
          <reporter-output>
          </reporter-output>
        </test-method> <!-- tearDown -->
      </class> <!-- com.qa.testCases.TestBanking -->
    </test> <!-- Banking Test -->
  </suite> <!-- Andromeda2 -->
</testng-results>
